<?xml version="1.0" encoding="UTF-8"?>
<?totaltestVersion 18.2.1.v20170627-1433_24?>
<!--Topaz for Total Test 18.2.1.v20170627-1433_24 2017-09-05 14:35:26-->
<testExecutions version="1">
  <file path="C:\Users\cwpl-mgrabins\Compuware\Workbench\workspace\EMEA TTT Training\Unit Test\Scenarios\CWXTSUBC_Sales.testscenario">
    <testCase duration="0" name="Project: 'EMEA TTT Training' Scenario: 'CWXTSUBC_Sales' Testcase: 'CWXTSUBCCase0' Test: Check for COMM_TOTAL'"/>
  </file>
  <file path="C:\Users\cwpl-mgrabins\Compuware\Workbench\workspace\EMEA TTT Training\Unit Test\Scenarios\CWXTSUBC_Sales.testscenario">
    <testCase duration="0" name="Project: 'EMEA TTT Training' Scenario: 'CWXTSUBC_Sales' Testcase: 'CWXTSUBCCase0_02_1' Test: Check for COMM_TOTAL'"/>
  </file>
  <file path="C:\Users\cwpl-mgrabins\Compuware\Workbench\workspace\EMEA TTT Training\Unit Test\Scenarios\CWXTSUBC_Sales.testscenario">
    <testCase duration="0" name="Project: 'EMEA TTT Training' Scenario: 'CWXTSUBC_Sales' Testcase: 'CWXTSUBCCase0_02_2' Test: Check for COMM_TOTAL'"/>
  </file>
  <file path="C:\Users\cwpl-mgrabins\Compuware\Workbench\workspace\EMEA TTT Training\Unit Test\Scenarios\CWXTSUBC_Sales.testscenario">
    <testCase duration="0" name="Project: 'EMEA TTT Training' Scenario: 'CWXTSUBC_Sales' Testcase: 'CWXTSUBCCase0_02_3' Test: Check for COMM_TOTAL'"/>
  </file>
  <file path="C:\Users\cwpl-mgrabins\Compuware\Workbench\workspace\EMEA TTT Training\Unit Test\Scenarios\CWXTSUBC_Sales.testscenario">
    <testCase duration="0" name="Project: 'EMEA TTT Training' Scenario: 'CWXTSUBC_Sales' Testcase: 'CWXTSUBCCase0_04_1' Test: Check for COMM_TOTAL'"/>
  </file>
  <file path="C:\Users\cwpl-mgrabins\Compuware\Workbench\workspace\EMEA TTT Training\Unit Test\Scenarios\CWXTSUBC_Sales.testscenario">
    <testCase duration="0" name="Project: 'EMEA TTT Training' Scenario: 'CWXTSUBC_Sales' Testcase: 'CWXTSUBCCase0_04_2' Test: Check for COMM_TOTAL'"/>
  </file>
  <file path="C:\Users\cwpl-mgrabins\Compuware\Workbench\workspace\EMEA TTT Training\Unit Test\Scenarios\CWXTSUBC_Sales.testscenario">
    <testCase duration="0" name="Project: 'EMEA TTT Training' Scenario: 'CWXTSUBC_Sales' Testcase: 'CWXTSUBCCase0_04_3' Test: Check for COMM_TOTAL'"/>
  </file>
  <file path="C:\Users\cwpl-mgrabins\Compuware\Workbench\workspace\EMEA TTT Training\Unit Test\Scenarios\CWXTSUBC_Sales.testscenario">
    <testCase duration="0" name="Project: 'EMEA TTT Training' Scenario: 'CWXTSUBC_Sales' Testcase: 'CWXTSUBCCase0_08_1' Test: Check for COMM_TOTAL'"/>
  </file>
  <file path="C:\Users\cwpl-mgrabins\Compuware\Workbench\workspace\EMEA TTT Training\Unit Test\Scenarios\CWXTSUBC_Sales.testscenario">
    <testCase duration="0" name="Project: 'EMEA TTT Training' Scenario: 'CWXTSUBC_Sales' Testcase: 'CWXTSUBCCase0_08_2' Test: Check for COMM_TOTAL'"/>
  </file>
  <file path="C:\Users\cwpl-mgrabins\Compuware\Workbench\workspace\EMEA TTT Training\Unit Test\Scenarios\CWXTSUBC_Sales.testscenario">
    <testCase duration="0" name="Project: 'EMEA TTT Training' Scenario: 'CWXTSUBC_Sales' Testcase: 'CWXTSUBCCase0_08_3' Test: Check for COMM_TOTAL'"/>
  </file>
  <file path="C:\Users\cwpl-mgrabins\Compuware\Workbench\workspace\EMEA TTT Training\Unit Test\Scenarios\CWXTSUBC_Sales.testscenario">
    <testCase duration="0" name="Project: 'EMEA TTT Training' Scenario: 'CWXTSUBC_Sales' Testcase: 'CWXTSUBCCase0_15_1' Test: Check for COMM_TOTAL'">
      <failure message="Check for COMM_TOTAL failed">Check for COMM_TOTAL failed

Actual Value:    		20000.20

Expected Value:  15000.15</failure>
    </testCase>
  </file>
  <file path="C:\Users\cwpl-mgrabins\Compuware\Workbench\workspace\EMEA TTT Training\Unit Test\Scenarios\CWXTSUBC_Sales.testscenario">
    <testCase duration="0" name="Project: 'EMEA TTT Training' Scenario: 'CWXTSUBC_Sales' Testcase: 'CWXTSUBCCase0_15_2' Test: Check for COMM_TOTAL'">
      <failure message="Check for COMM_TOTAL failed">Check for COMM_TOTAL failed

Actual Value:    		50000.00

Expected Value:  37500</failure>
    </testCase>
  </file>
  <file path="C:\Users\cwpl-mgrabins\Compuware\Workbench\workspace\EMEA TTT Training\Unit Test\Scenarios\CWXTSUBC_Sales.testscenario">
    <testCase duration="0" name="Project: 'EMEA TTT Training' Scenario: 'CWXTSUBC_Sales' Testcase: 'CWXTSUBCCase0_15_3' Test: Check for COMM_TOTAL'">
      <failure message="Check for COMM_TOTAL failed">Check for COMM_TOTAL failed

Actual Value:    		0

Expected Value:  75000</failure>
    </testCase>
  </file>
</testExecutions>